c:\users\johnpower\source\repos\opengl sandbox project\opengl sandbox project\x64\debug\vc142.pdb
c:\users\johnpower\source\repos\opengl sandbox project\opengl sandbox project\x64\debug\vc142.idb
c:\users\johnpower\source\repos\opengl sandbox project\opengl sandbox project\x64\debug\imgui_widgets.obj
c:\users\johnpower\source\repos\opengl sandbox project\opengl sandbox project\x64\debug\imgui_impl_opengl3.obj
c:\users\johnpower\source\repos\opengl sandbox project\opengl sandbox project\x64\debug\imgui_impl_glfw.obj
c:\users\johnpower\source\repos\opengl sandbox project\opengl sandbox project\x64\debug\imgui_draw.obj
c:\users\johnpower\source\repos\opengl sandbox project\opengl sandbox project\x64\debug\imgui_demo.obj
c:\users\johnpower\source\repos\opengl sandbox project\opengl sandbox project\x64\debug\imgui.obj
c:\users\johnpower\source\repos\opengl sandbox project\opengl sandbox project\x64\debug\opengl sandbox project.obj
c:\users\johnpower\source\repos\opengl sandbox project\opengl sandbox project\x64\debug\transform.obj
c:\users\johnpower\source\repos\opengl sandbox project\opengl sandbox project\x64\debug\model.obj
c:\users\johnpower\source\repos\opengl sandbox project\opengl sandbox project\x64\debug\shader.obj
c:\users\johnpower\source\repos\opengl sandbox project\opengl sandbox project\x64\debug\orbitcamera.obj
c:\users\johnpower\source\repos\opengl sandbox project\opengl sandbox project\x64\debug\resourcemanager.obj
c:\users\johnpower\source\repos\opengl sandbox project\opengl sandbox project\x64\debug\application.obj
c:\users\johnpower\source\repos\opengl sandbox project\opengl sandbox project\x64\debug\glad.obj
c:\users\johnpower\source\repos\opengl sandbox project\x64\debug\opengl sandbox project.exe
c:\users\johnpower\source\repos\opengl sandbox project\x64\debug\opengl sandbox project.ilk
c:\users\johnpower\source\repos\opengl sandbox project\x64\debug\opengl sandbox project.pdb
c:\users\johnpower\source\repos\opengl sandbox project\opengl sandbox project\x64\debug\opengl s.e9a36b0d.tlog\cl.command.1.tlog
c:\users\johnpower\source\repos\opengl sandbox project\opengl sandbox project\x64\debug\opengl s.e9a36b0d.tlog\cl.read.1.tlog
c:\users\johnpower\source\repos\opengl sandbox project\opengl sandbox project\x64\debug\opengl s.e9a36b0d.tlog\cl.write.1.tlog
c:\users\johnpower\source\repos\opengl sandbox project\opengl sandbox project\x64\debug\opengl s.e9a36b0d.tlog\link.command.1.tlog
c:\users\johnpower\source\repos\opengl sandbox project\opengl sandbox project\x64\debug\opengl s.e9a36b0d.tlog\link.read.1.tlog
c:\users\johnpower\source\repos\opengl sandbox project\opengl sandbox project\x64\debug\opengl s.e9a36b0d.tlog\link.write.1.tlog
